[2021-10-25 19:14:01,154] [Launching ChangeOrgBot ...]
[2021-10-25 19:14:01,834] [Requesting campaign: https://www.change.org/p/new-zealand-government-expand-eligibility-for-the-2021-one-off-resident-visa]
[2021-10-25 19:14:08,367] [Changing IP to: New Zealand]
[2021-10-25 19:14:18,355] [Waiting for the campaign]
[2021-10-25 19:14:28,485] [FirstName: Joseph]
[2021-10-25 19:14:29,735] [LastName: Brown]
[2021-10-25 19:14:30,975] [Email: JosephLBrown@gmail.com]
[2021-10-25 19:14:34,125] [The vote is being submitted]
[2021-10-25 19:14:39,241] [Solving captcha]
[2021-10-25 19:14:55,703] [Captcha has been solved]
[2021-10-25 19:15:09,494] [Clearing cache]
[2021-10-25 19:15:17,495] [Cache has been cleared]
[2021-10-25 19:15:19,825] [Your vote has been successfully submitted]
[2021-10-25 19:15:19,825] [Waiting for 9 seconds before next vote]
[2021-10-26 04:23:10,545] [Launching ChangeOrgBot ...]
[2021-10-26 04:23:11,879] [Requesting campaign: https://www.change.org/p/new-zealand-government-expand-eligibility-for-the-2021-one-off-resident-visa]
[2021-10-26 04:23:12,998] [Changing IP to: New Zealand]
[2021-10-27 16:53:15,124] [Launching ChangeOrgBot ...]
[2021-10-27 16:53:16,141] [Requesting campaign: https://www.change.org/p/new-zealand-government-expand-eligibility-for-the-2021-one-off-resident-visa]
[2021-10-27 16:53:18,243] [Changing IP to: New Zealand]
[2021-10-27 16:53:26,210] [Waiting for the campaign]
[2021-10-27 16:53:35,935] [Launching ChangeOrgBot ...]
[2021-10-27 16:53:36,888] [Requesting campaign: https://www.change.org/p/new-zealand-government-expand-eligibility-for-the-2021-one-off-resident-visa]
[2021-10-27 16:53:38,936] [Changing IP to: New Zealand]
[2021-10-27 16:53:46,911] [Waiting for the campaign]
[2021-11-15 12:54:59,062] [Launching ChangeOrgBot ...]
[2021-11-15 12:54:59,078] [Process completed successfully!]
[2021-11-15 12:56:13,654] [Launching ChangeOrgBot ...]
[2021-11-15 12:56:13,654] [Process completed successfully!]
[2021-11-15 12:58:57,909] [Launching ChangeOrgBot ...]
[2021-11-15 12:58:58,659] [Requesting campaign: https://www.change.org/p/new-zealand-government-expand-eligibility-for-the-2021-one-off-resident-visa]
[2021-11-15 12:59:00,743] [Changing IP to: New Zealand]
[2021-11-25 14:51:04,342] [Launching ChangeOrgBot ...]
[2021-11-25 14:51:05,356] [Requesting campaign: https://www.change.org/p/new-zealand-government-expand-eligibility-for-the-2021-one-off-resident-visa]
[2021-11-25 14:51:07,428] [Changing IP to: New Zealand]
[2021-11-25 14:51:15,415] [Waiting for the campaign]
[2021-11-25 14:51:26,857] [FirstName: Suellen]
[2021-11-25 14:51:28,120] [LastName: Abramson]
[2021-11-25 14:51:29,369] [Email: SuellenCAbramson@gmail.com]
[2021-11-25 14:51:30,624] [The vote is being submitted]
[2021-11-25 14:51:31,739] [Solving captcha]
